# JRE version: Java(TM) SE Runtime Environment (17.0.11+7) (build 17.0.11+7-LTS-207)
# Java VM: Java HotSpot(TM) 64-Bit Server VM (17.0.11+7-LTS-207, mixed mode, sharing, tiered, compressed oops, compressed class ptrs, g1 gc, windows-amd64)
GC Precious Log:
 CPUs: 12 total, 12 available
 Memory: 16076M
 Large Page Support: Disabled
 NUMA Support: Disabled
 Compressed Oops: Enabled (Zero based)
 Heap Region Size: 2M
 Heap Min Capacity: 8M
 Heap Initial Capacity: 252M
 Heap Max Capacity: 4020M
 Pre-touch: Disabled
 Parallel Workers: 10
 Concurrent Workers: 3
 Concurrent Refinement Workers: 10
 Periodic GC: Disabled
Heap:
 garbage-first heap   total 98304K, used 38111K [0x0000000704c00000, 0x0000000800000000)
  region size 2048K, 6 young (12288K), 3 survivors (6144K)
 Metaspace       used 65837K, committed 66304K, reserved 1114112K
  class space    used 9145K, committed 9344K, reserved 1048576K
GC Heap History (20 events):
Event: 2.089 GC heap before
{Heap before GC invocations=2 (full 0):
 garbage-first heap   total 258048K, used 67304K [0x0000000704c00000, 0x0000000800000000)
  region size 2048K, 31 young (63488K), 2 survivors (4096K)
 Metaspace       used 21248K, committed 21504K, reserved 1114112K
  class space    used 2638K, committed 2752K, reserved 1048576K
}
Event: 2.094 GC heap after
{Heap after GC invocations=3 (full 0):
 garbage-first heap   total 258048K, used 14555K [0x0000000704c00000, 0x0000000800000000)
  region size 2048K, 4 young (8192K), 4 survivors (8192K)
 Metaspace       used 21248K, committed 21504K, reserved 1114112K
  class space    used 2638K, committed 2752K, reserved 1048576K
}
Event: 2.847 GC heap before
{Heap before GC invocations=4 (full 0):
 garbage-first heap   total 61440K, used 43227K [0x0000000704c00000, 0x0000000800000000)
  region size 2048K, 18 young (36864K), 4 survivors (8192K)
 Metaspace       used 27304K, committed 27776K, reserved 1114112K
  class space    used 3435K, committed 3648K, reserved 1048576K
}
Event: 2.855 GC heap after
{Heap after GC invocations=5 (full 0):
 garbage-first heap   total 61440K, used 18019K [0x0000000704c00000, 0x0000000800000000)
  region size 2048K, 2 young (4096K), 2 survivors (4096K)
 Metaspace       used 27304K, committed 27776K, reserved 1114112K
  class space    used 3435K, committed 3648K, reserved 1048576K
}
Event: 3.287 GC heap before
{Heap before GC invocations=5 (full 0):
 garbage-first heap   total 61440K, used 38499K [0x0000000704c00000, 0x0000000800000000)
  region size 2048K, 12 young (24576K), 2 survivors (4096K)
 Metaspace       used 31326K, committed 31744K, reserved 1114112K
  class space    used 4045K, committed 4224K, reserved 1048576K
}
Event: 3.291 GC heap after
{Heap after GC invocations=6 (full 0):
 garbage-first heap   total 61440K, used 19641K [0x0000000704c00000, 0x0000000800000000)
  region size 2048K, 1 young (2048K), 1 survivors (2048K)
 Metaspace       used 31326K, committed 31744K, reserved 1114112K
  class space    used 4045K, committed 4224K, reserved 1048576K
}
Event: 3.546 GC heap before
{Heap before GC invocations=6 (full 0):
 garbage-first heap   total 61440K, used 33977K [0x0000000704c00000, 0x0000000800000000)
  region size 2048K, 9 young (18432K), 1 survivors (2048K)
 Metaspace       used 35703K, committed 36096K, reserved 1114112K
  class space    used 4608K, committed 4800K, reserved 1048576K
}
Event: 3.552 GC heap after
{Heap after GC invocations=7 (full 0):
 garbage-first heap   total 159744K, used 20290K [0x0000000704c00000, 0x0000000800000000)
  region size 2048K, 2 young (4096K), 2 survivors (4096K)
 Metaspace       used 35703K, committed 36096K, reserved 1114112K
  class space    used 4608K, committed 4800K, reserved 1048576K
}
Event: 4.546 GC heap before
{Heap before GC invocations=8 (full 0):
 garbage-first heap   total 81920K, used 65346K [0x0000000704c00000, 0x0000000800000000)
  region size 2048K, 24 young (49152K), 2 survivors (4096K)
 Metaspace       used 46888K, committed 47296K, reserved 1114112K
  class space    used 6337K, committed 6528K, reserved 1048576K
}
Event: 4.553 GC heap after
{Heap after GC invocations=9 (full 0):
 garbage-first heap   total 81920K, used 23253K [0x0000000704c00000, 0x0000000800000000)
  region size 2048K, 3 young (6144K), 3 survivors (6144K)
 Metaspace       used 46888K, committed 47296K, reserved 1114112K
  class space    used 6337K, committed 6528K, reserved 1048576K
}
Event: 5.184 GC heap before
{Heap before GC invocations=9 (full 0):
 garbage-first heap   total 81920K, used 60117K [0x0000000704c00000, 0x0000000800000000)
  region size 2048K, 21 young (43008K), 3 survivors (6144K)
 Metaspace       used 53288K, committed 53760K, reserved 1114112K
  class space    used 7202K, committed 7424K, reserved 1048576K
}
Event: 5.189 GC heap after
{Heap after GC invocations=10 (full 0):
 garbage-first heap   total 81920K, used 25742K [0x0000000704c00000, 0x0000000800000000)
  region size 2048K, 3 young (6144K), 3 survivors (6144K)
 Metaspace       used 53288K, committed 53760K, reserved 1114112K
  class space    used 7202K, committed 7424K, reserved 1048576K
}
Event: 5.451 GC heap before
{Heap before GC invocations=10 (full 0):
 garbage-first heap   total 81920K, used 60558K [0x0000000704c00000, 0x0000000800000000)
  region size 2048K, 20 young (40960K), 3 survivors (6144K)
 Metaspace       used 55598K, committed 56000K, reserved 1114112K
  class space    used 7622K, committed 7808K, reserved 1048576K
}
Event: 5.454 GC heap after
{Heap after GC invocations=11 (full 0):
 garbage-first heap   total 81920K, used 27633K [0x0000000704c00000, 0x0000000800000000)
  region size 2048K, 3 young (6144K), 3 survivors (6144K)
 Metaspace       used 55598K, committed 56000K, reserved 1114112K
  class space    used 7622K, committed 7808K, reserved 1048576K
}
Event: 5.665 GC heap before
{Heap before GC invocations=11 (full 0):
 garbage-first heap   total 81920K, used 60401K [0x0000000704c00000, 0x0000000800000000)
  region size 2048K, 19 young (38912K), 3 survivors (6144K)
 Metaspace       used 56695K, committed 57152K, reserved 1114112K
  class space    used 7835K, committed 8064K, reserved 1048576K
}
Event: 5.668 GC heap after
{Heap after GC invocations=12 (full 0):
 garbage-first heap   total 81920K, used 29328K [0x0000000704c00000, 0x0000000800000000)
  region size 2048K, 2 young (4096K), 2 survivors (4096K)
 Metaspace       used 56695K, committed 57152K, reserved 1114112K
  class space    used 7835K, committed 8064K, reserved 1048576K
}
Event: 6.190 GC heap before
{Heap before GC invocations=12 (full 0):
 garbage-first heap   total 81920K, used 60048K [0x0000000704c00000, 0x0000000800000000)
  region size 2048K, 19 young (38912K), 2 survivors (4096K)
 Metaspace       used 59869K, committed 60288K, reserved 1114112K
  class space    used 8270K, committed 8448K, reserved 1048576K
}
Event: 6.195 GC heap after
{Heap after GC invocations=13 (full 0):
 garbage-first heap   total 81920K, used 31080K [0x0000000704c00000, 0x0000000800000000)
  region size 2048K, 2 young (4096K), 2 survivors (4096K)
 Metaspace       used 59869K, committed 60288K, reserved 1114112K
  class space    used 8270K, committed 8448K, reserved 1048576K
}
Event: 131.187 GC heap before
{Heap before GC invocations=14 (full 0):
 garbage-first heap   total 81920K, used 61800K [0x0000000704c00000, 0x0000000800000000)
  region size 2048K, 18 young (36864K), 2 survivors (4096K)
 Metaspace       used 65599K, committed 66112K, reserved 1114112K
  class space    used 9131K, committed 9344K, reserved 1048576K
}
Event: 131.200 GC heap after
{Heap after GC invocations=15 (full 0):
 garbage-first heap   total 98304K, used 34015K [0x0000000704c00000, 0x0000000800000000)
  region size 2048K, 3 young (6144K), 3 survivors (6144K)
 Metaspace       used 65599K, committed 66112K, reserved 1114112K
  class space    used 9131K, committed 9344K, reserved 1048576K
}

